<?xml version="1.0" encoding="UTF-8"?>
<!-- Generated by org.testng.reporters.JUnitXMLReporter -->
<testsuite ignored="0" hostname="SHALINI" failures="1" tests="1" name="Test" time="0.153" errors="0" timestamp="2021-11-28T06:20:36 PST">
  <testcase classname="com.org.task9" name="login_Credentiala" time="0.0">
    <failure type="org.testng.TestNGException" message="
Parameter &amp;apos;username&amp;apos; is required by @Test on method login_Credentiala but has not been marked @Optional or defined
in C:\Users\SHALINI\eclipse-workspace\Data_Driven\testng9.xml">
      <![CDATA[org.testng.TestNGException: 
Parameter 'username' is required by @Test on method login_Credentiala but has not been marked @Optional or defined
in C:\Users\SHALINI\eclipse-workspace\Data_Driven\testng9.xml
at java.base/java.util.ArrayList.forEach(ArrayList.java:1511)
... Removed 26 stack frames]]>
    </failure>
  </testcase> <!-- login_Credentiala -->
</testsuite> <!-- Test -->
